/home/max/PycharmProjects/ActiveLearningOnConvexGraphs/venv/bin/python /home/max/PycharmProjects/ActiveLearningOnConvexGraphs/cora.py
/home/max/PycharmProjects/ActiveLearningOnConvexGraphs/venv/lib/python3.7/site-packages/graph_tool/draw/cairo_draw.py:1494: RuntimeWarning: Error importing Gtk module: No module named 'gi'; GTK+ drawing will not work.
  warnings.warn(msg, RuntimeWarning)
cora
None
n= 2708 s= 574
1
/home/max/PycharmProjects/ActiveLearningOnConvexGraphs/closure.py:76: FutureWarning: Using a non-tuple sequence for multidimensional indexing is deprecated; use `arr[tuple(seq)]` instead of `arr[seq]`. In the future this will be interpreted as an array index, `arr[np.array(seq)]`, which will result either in an error or a different result.
  if np.any(dist_map[v].a[i] + dist_map[i].a[[reachable_starting_nodes]] == dist_map[v].a[reachable_starting_nodes]):
5 0.001846381093057607
5 0.001846381093057607
10 0.003692762186115214
10 0.003692762186115214
76 0.028064992614475627
82 0.030280649926144758
332 0.12259970457902511
337 0.12444608567208272
==========
2
11 0.004062038404726735
11 0.004062038404726735
19 0.007016248153618907
20 0.007385524372230428
65 0.024002954209748892
65 0.024002954209748892
448 0.1654357459379616
464 0.17134416543574593
==========
3
6 0.0022156573116691287
6 0.0022156573116691287
20 0.007385524372230428
21 0.00775480059084195
82 0.030280649926144758
98 0.0361890694239291
900 0.33234859675036926
904 0.33382570162481534
==========
4
5 0.001846381093057607
5 0.001846381093057607
11 0.004062038404726735
11 0.004062038404726735
68 0.025110782865583457
70 0.0258493353028065
457 0.1687592319054653
460 0.16986706056129985
==========
5
5 0.001846381093057607
5 0.001846381093057607
12 0.004431314623338257
12 0.004431314623338257
68 0.025110782865583457
93 0.03434268833087149
244 0.09010339734121123
248 0.0915805022156573
==========
6
5 0.001846381093057607
5 0.001846381093057607
21 0.00775480059084195
30 0.011078286558345642
71 0.02621861152141802
78 0.02880354505169867
203 0.07496307237813885
208 0.07680945347119646
==========
7
6 0.0022156573116691287
6 0.0022156573116691287
12 0.004431314623338257
12 0.004431314623338257
97 0.03581979320531758
106 0.03914327917282127
411 0.15177252584933532
417 0.15398818316100443
==========
0.0
0.0
0.0
0.01070901033973412
==================================

Process finished with exit code 0

