/home/max/PycharmProjects/ActiveLearningOnConvexGraphs/venv/bin/python /home/max/PycharmProjects/ActiveLearningOnConvexGraphs/github_dataset_closure_tests.py
/home/max/PycharmProjects/ActiveLearningOnConvexGraphs/venv/lib/python3.7/site-packages/graph_tool/draw/cairo_draw.py:1494: RuntimeWarning: Error importing Gtk module: No module named 'gi'; GTK+ drawing will not work.
  warnings.warn(msg, RuntimeWarning)
res/git/facebook_large/
n= 22470 s= 4448
0
77 0.003426791277258567
16766 0.7461504227859368
238 0.01059190031152648
16766 0.7461504227859368
1966 0.0874944370271473
	16791 0.7472630173564753
12530 0.557632398753894
17945 0.7986203827325322
==========
1
60 0.0026702269692923898
16766 0.7461504227859368
217 0.009657320872274144
16767 0.7461949265687583
1819 0.08095238095238096
16769 0.7462839341344014
12882 0.5732977303070761
17717 0.7884735202492212
==========
2
61 0.0027147307521139296
16766 0.7461504227859368
290 0.01290609701824655
16766 0.7461504227859368
1990 0.08856252781486426
16786 0.7470404984423676
14793 0.6583444592790387
19108 0.850378282153983
==========
3
66 0.002937249666221629
