/home/max/PycharmProjects/ActiveLearningOnConvexGraphs/venv/bin/python /home/max/PycharmProjects/ActiveLearningOnConvexGraphs/github_dataset_closure_tests.py
/home/max/PycharmProjects/ActiveLearningOnConvexGraphs/venv/lib/python3.7/site-packages/graph_tool/draw/cairo_draw.py:1494: RuntimeWarning: Error importing Gtk module: No module named 'gi'; GTK+ drawing will not work.
  warnings.warn(msg, RuntimeWarning)
res/git/twitch/PTBR/
n= 1912 s= 157
0
37 0.019351464435146442
59 0.03085774058577406
105 0.0549163179916318
134 0.0700836820083682
276 0.14435146443514643
327 0.17102510460251047
1562 0.8169456066945606
1563 0.8174686192468619
==========
1
51 0.026673640167364017
61 0.03190376569037657
81 0.04236401673640167
85 0.04445606694560669
253 0.13232217573221758
307 0.16056485355648537
996 0.5209205020920502
997 0.5214435146443515
==========
0.006276150627615063
0.027719665271966527
0.11767782426778242
0.3389121338912134
==================================
res/git/twitch/PTBR/
n= 1912 s= 157
0
73 0.038179916317991634
88 0.04602510460251046
94 0.049163179916317995
98 0.051255230125523014
251 0.13127615062761505
313 0.1637029288702929
1870 0.9780334728033473
1871 0.9785564853556485
==========
1
58 0.030334728033472803
121 0.06328451882845189
135 0.07060669456066945
196 0.10251046025104603
277 0.1448744769874477
330 0.17259414225941422
538 0.2813807531380753
558 0.2918410041841004
==========
0.032426778242677826
0.04131799163179916
0.11610878661087866
0.27039748953974896
==================================
res/git/twitch/RU/
n= 4385 s= 522
0
54 0.012314709236031927
157 0.03580387685290764
135 0.03078677309007982
306 0.06978335233751426
407 0.09281641961231471
667 0.15210946408209805
3774 0.8606613454960091
3776 0.8611174458380844
==========
1
53 0.0120866590649943
110 0.02508551881413911
106 0.0241733181299886
266 0.06066134549600912
352 0.08027366020524515
582 0.13272519954389966
1986 0.4529076396807298
2014 0.45929304446978336
==========
0.005473204104903079
0.03831242873432155
0.1039908779931585
0.3204104903078677
==================================
res/git/twitch/RU/
n= 4385 s= 522
0
49 0.011174458380843785
87 0.01984036488027366
136 0.031014823261117448
318 0.0725199543899658
365 0.08323831242873432
581 0.13249714937286203
4318 0.9847206385404789
4319 0.9849486887115165
==========
1
56 0.012770809578107183
164 0.037400228050171035
98 0.02234891676168757
223 0.0508551881413911
359 0.08187001140250855
561 0.12793614595210948
1050 0.2394526795895097
1097 0.25017103762827825
==========
0.0120866590649943
0.04218928164196123
0.10307867730900798
0.23511972633979475
==================================
res/git/twitch/DE/
n= 9498 s= 603
0
90 0.009475679090334808
296 0.03116445567487892
174 0.01831964624131396
770 0.08106969888397557
554 0.058328069067172035
1047 0.1102337334175616
6058 0.6378184881027584
6085 0.6406611918298589
==========
1
49 0.005158980838071173
158 0.016635081069698885
132 0.013897662665824383
325 0.03421773004843125
530 0.05580122130974942
1136 0.11960412718467045
6857 0.7219414613602864
6869 0.7232048852389977
==========
0.012528953463887134
0.02884817856390819
0.09244051379237735
0.3638660770688566
==================================
res/git/twitch/DE/
n= 9498 s= 603
0
44 0.004632554221941461
150 0.015792798483891344
160 0.01684565171615077
408 0.04295641187618446
544 0.057275215834912616
1141 0.12013055380080016
9464 0.9964202990103179
9464 0.9964202990103179
==========
1
64 0.006738260686460307
91 0.009580964413560749
120 0.012634238787113077
205 0.021583491261318172
459 0.04832596336070752
930 0.09791535060012634
1775 0.1868814487260476
1940 0.20425352705832808
==========
0.0015792798483891346
0.019898926089703096
0.08886081280269531
0.20067382606864603
==================================
res/git/twitch/ENGB/
n= 7126 s= 1373
0
95 0.013331462250912153
97 0.013612124614089251
149 0.020909346056693798
287 0.04027504911591356
423 0.059360089811956215
550 0.07718214987370194
4811 0.6751333146225091
4814 0.6755543081672748
==========
1
52 0.007297221442604546
52 0.007297221442604546
142 0.019927027785573953
233 0.03269716531013191
411 0.057676115632893626
591 0.08293572831883245
4704 0.6601178781925344
4713 0.6613808588268313
==========
0.003929273084479371
0.021470670783047992
0.050378894190289084
0.3369351669941061
==================================
res/git/twitch/ENGB/
n= 7126 s= 1373
0
96 0.013471793432500701
126 0.01768172888015717
145 0.0203480213303396
232 0.03255683412854336
413 0.05795677799607073
561 0.07872579287117598
7070 0.9921414538310412
7070 0.9921414538310412
==========
1
40 0.005613247263541959
46 0.006455234353073253
118 0.01655907942744878
238 0.03339882121807466
402 0.05641313499859669
575 0.08069042941341566
1163 0.16320516418748246
1216 0.17064271681167556
==========
0.0035082795397137242
0.01613808588268313
0.04981756946393489
0.1627841706427168
==================================
res/git/twitch/ES/
n= 4648 s= 405
0
54 0.01161790017211704
102 0.021944922547332185
133 0.0286144578313253
170 0.03657487091222031
371 0.07981927710843373
549 0.11811531841652323
3989 0.8582185886402753
3992 0.8588640275387264
==========
1
88 0.0189328743545611
219 0.0471170395869191
147 0.03162650602409638
295 0.06346815834767643
384 0.08261617900172118
527 0.11338209982788296
2187 0.4705249569707401
2195 0.4722461273666093
==========
0.01721170395869191
0.02474182444061962
0.08283132530120482
0.33111015490533563
==================================
res/git/twitch/ES/
n= 4648 s= 405
0
45 0.0096815834767642
83 0.017857142857142856
153 0.03291738382099828
190 0.04087779690189329
397 0.08541308089500861
534 0.1148881239242685
4610 0.9918244406196214
4610 0.9918244406196214
==========
1
89 0.01914802065404475
176 0.0378657487091222
130 0.027969018932874356
198 0.042598967297762476
323 0.06949225473321859
473 0.10176419965576593
947 0.2037435456110155
1007 0.21665232358003442
==========
0.01333907056798623
0.022590361445783132
0.07444061962134252
0.20847676419965577
==================================
res/git/twitch/FR/
n= 6549 s= 350
0
92 0.014047946251336083
146 0.022293479920598564
163 0.024889296075736755
190 0.029012062910367994
347 0.05298518857840892
445 0.06794930523744083
Traceback (most recent call last):
  File "/home/max/PycharmProjects/ActiveLearningOnConvexGraphs/github_dataset_closure_tests.py", line 97, in <module>
    is_convex("res/git/twitch/FR/","FR",2)
  File "/home/max/PycharmProjects/ActiveLearningOnConvexGraphs/github_dataset_closure_tests.py", line 70, in is_convex
    hull_p = compute_hull(g, cls, weight,dist_map=dist_map, comps=comps, hist=hist, compute_closure=False)
  File "/home/max/PycharmProjects/ActiveLearningOnConvexGraphs/closure.py", line 35, in compute_hull
    I_S[S] = True
IndexError: index 6549 is out of bounds for axis 0 with size 6549

Process finished with exit code 1
