/home/max/PycharmProjects/ActiveLearningOnConvexGraphs/venv/bin/python /home/max/PycharmProjects/ActiveLearningOnConvexGraphs/github_dataset_closure_tests.py
/home/max/PycharmProjects/ActiveLearningOnConvexGraphs/venv/lib/python3.7/site-packages/graph_tool/draw/cairo_draw.py:1494: RuntimeWarning: Error importing Gtk module: No module named 'gi'; GTK+ drawing will not work.
  warnings.warn(msg, RuntimeWarning)
res/git/twitch/PTBR/
n= 1912 s= 157
0
50 0.02615062761506276
1749 0.9147489539748954
159 0.08315899581589958
1749 0.9147489539748954
741 0.3875523012552301
1753 0.9168410041841004
1850 0.9675732217573222
1856 0.9707112970711297
==========
1
39 0.020397489539748955
1749 0.9147489539748954
134 0.0700836820083682
1751 0.9157949790794979
780 0.40794979079497906
1752 0.9163179916317992
1765 0.9231171548117155
1807 0.9450836820083682
==========
0.9147489539748954
0.9147489539748954
0.9147489539748954
0.9157949790794979
==================================
res/git/twitch/PTBR/
n= 1912 s= 157
0
61 0.03190376569037657
1749 0.9147489539748954
150 0.07845188284518828
1751 0.9157949790794979
659 0.3446652719665272
1754 0.9173640167364017
1589 0.8310669456066946
1775 0.928347280334728
==========
1
73 0.038179916317991634
1749 0.9147489539748954
152 0.0794979079497908
1749 0.9147489539748954
766 0.4006276150627615
1753 0.9168410041841004
1888 0.9874476987447699
1889 0.9879707112970711
==========
0.9147489539748954
0.9147489539748954
0.9147489539748954
0.9163179916317992
==================================
res/git/twitch/RU/
n= 4385 s= 522
0
63 0.014367160775370582
3838 0.8752565564424173
179 0.04082098061573546
3838 0.8752565564424173
1697 0.3870011402508552
3842 0.8761687571265678
4255 0.9703534777651083
4258 0.9710376282782212
==========
1
225 0.05131128848346636
3839 0.875484606613455
476 0.10855188141391106
3839 0.875484606613455
1765 0.40250855188141393
3841 0.8759407069555302
3827 0.8727480045610034
3976 0.90672748004561
==========
0.8752565564424173
0.8752565564424173
0.8752565564424173
0.8777651083238313
==================================
res/git/twitch/RU/
n= 4385 s= 522
0
167 0.03808437856328392
3838 0.8752565564424173
367 0.08369441277080958
3839 0.875484606613455
1662 0.3790193842645382
3842 0.8761687571265678
4325 0.9863169897377423
4326 0.98654503990878
==========
1
47 0.010718358038768529
3838 0.8752565564424173
292 0.06659064994298745
3839 0.875484606613455
1644 0.3749144811858609
3846 0.8770809578107184
3455 0.7879133409350056
3903 0.8900798175598632
==========
0.8752565564424173
0.8752565564424173
0.8752565564424173
0.876624857468643
==================================
res/git/twitch/DE/
n= 9498 s= 603
0
13 0.00136870920193725
8863 0.9331438197515266
235 0.02474205095809644
8864 0.9332491050747526
1611 0.16961465571699305
8872 0.9340913876605601
9226 0.9713623920825437
9262 0.9751526637186776
==========
1
157 0.016529795746472942
8864 0.9332491050747526
252 0.026531901452937462
8864 0.9332491050747526
1255 0.13213308064855758
8866 0.9334596757212045
8986 0.9460939145083176
9114 0.9595704358812381
==========
0.9331438197515266
0.9331438197515266
0.9331438197515266
0.9347230995999157
==================================
res/git/twitch/DE/
n= 9498 s= 603
0
23 0.002421562434196673
8863 0.9331438197515266
92 0.009686249736786692
8864 0.9332491050747526
1400 0.14739945251631922
8869 0.9337755316908823
9460 0.9959991577174142
9460 0.9959991577174142
==========
1
160 0.01684565171615077
8863 0.9331438197515266
170 0.017898504948410193
8865 0.9333543903979785
1846 0.1943567066750895
8867 0.9335649610444304
7422 0.7814276689829438
8903 0.9373552326805643
==========
0.9331438197515266
0.9331438197515266
0.9331438197515266
0.9333543903979785
==================================
res/git/twitch/ENGB/
n= 7126 s= 1373
0
55 0.007718214987370194
5619 0.7885209093460567
259 0.036345776031434185
5620 0.7886612405276452
1678 0.23547572270558517
5631 0.7902048835251193
6291 0.8828234633735617
6348 0.8908223407241089
==========
1
50 0.0070165590794274485
5622 0.7889419028908223
285 0.039994386752736456
5625 0.789362896435588
1920 0.269435868650014
5631 0.7902048835251193
6447 0.9047151277013753
6468 0.9076620825147348
==========
0.7882402469828796
0.7882402469828796
0.7882402469828796
0.7984844232388437
==================================
res/git/twitch/ENGB/
n= 7126 s= 1373
0
43 0.006034240808307606
5620 0.7886612405276452
275 0.03859107493685097
5624 0.7892225652539995
1622 0.22761717653662644
5633 0.7904855458882963
7039 0.9877911872017963
7039 0.9877911872017963
==========
1
76 0.010665169800729722
5620 0.7886612405276452
440 0.06174571989896155
5621 0.7888015717092338
1690 0.23715969688464777
5632 0.7903452147067078
4381 0.614790906539433
5716 0.8021330339601459
==========
0.7882402469828796
0.7882402469828796
0.7882402469828796
0.7899242211619422
==================================
res/git/twitch/ES/
n= 4648 s= 405
0
56 0.012048192771084338
4222 0.9083476764199656
79 0.016996557659208263
4223 0.9085628227194492
1237 0.2661359724612737
4226 0.9092082616179001
4543 0.9774096385542169
4553 0.9795611015490534
==========
1
88 0.0189328743545611
4221 0.9081325301204819
361 0.07766781411359724
4223 0.9085628227194492
1261 0.27129948364888123
4226 0.9092082616179001
4206 0.9049053356282272
4323 0.9300774526678142
==========
0.9081325301204819
0.9081325301204819
0.9081325301204819
0.9096385542168675
==================================
res/git/twitch/ES/
n= 4648 s= 405
0
68 0.014629948364888123
4222 0.9083476764199656
282 0.060671256454388985
4223 0.9085628227194492
1265 0.2721600688468158
4228 0.9096385542168675
4618 0.9935456110154905
4618 0.9935456110154905
==========
1
28 0.006024096385542169
4221 0.9081325301204819
347 0.07465576592082616
4221 0.9081325301204819
1860 0.40017211703958694
4221 0.9081325301204819
3636 0.7822719449225474
4252 0.9148020654044751
==========
0.9081325301204819
0.9081325301204819
0.9081325301204819
0.9083476764199656
==================================
res/git/twitch/FR/
n= 6549 s= 350
0
46 0.007023973125668041
6181 0.9438082149946557
197 0.03008092838601313
6181 0.9438082149946557
1749 0.26706367384333485
6184 0.9442663001985035
Traceback (most recent call last):
  File "/home/max/PycharmProjects/ActiveLearningOnConvexGraphs/github_dataset_closure_tests.py", line 78, in <module>
    print(np.sum(intersection_1[0] & intersection_1[1]) / g.num_vertices())
  File "/home/max/PycharmProjects/ActiveLearningOnConvexGraphs/github_dataset_closure_tests.py", line 51, in is_convex
    cls = np.where(labels==c)[0][:5]
  File "/home/max/PycharmProjects/ActiveLearningOnConvexGraphs/closure.py", line 35, in compute_hull
    I_S[S] = True
IndexError: index 6550 is out of bounds for axis 0 with size 6549

Process finished with exit code 1
